  Game.cpp
g:\personalprojects\bomberman\bomberman\inputcontrollercomponent.h(22): error C3083: 'GameEngine': the symbol to the left of a '::' must be a type
g:\personalprojects\bomberman\bomberman\inputcontrollercomponent.h(22): error C2039: 'event_': is not a member of 'Engine'
  g:\personalprojects\bomberman\bomberman\inputcontrollercomponent.h(7): note: see declaration of 'Engine'
g:\personalprojects\bomberman\bomberman\inputcontrollercomponent.h(22): error C2065: 'event_': undeclared identifier
g:\personalprojects\bomberman\bomberman\inputcontrollercomponent.h(24): error C3083: 'GameEngine': the symbol to the left of a '::' must be a type
g:\personalprojects\bomberman\bomberman\inputcontrollercomponent.h(24): error C2039: 'event_': is not a member of 'Engine'
  g:\personalprojects\bomberman\bomberman\inputcontrollercomponent.h(7): note: see declaration of 'Engine'
g:\personalprojects\bomberman\bomberman\inputcontrollercomponent.h(24): error C2065: 'event_': undeclared identifier
g:\personalprojects\bomberman\bomberman\inputcontrollercomponent.h(43): error C3083: 'GameEngine': the symbol to the left of a '::' must be a type
g:\personalprojects\bomberman\bomberman\inputcontrollercomponent.h(43): error C2039: 'event_': is not a member of 'Engine'
  g:\personalprojects\bomberman\bomberman\inputcontrollercomponent.h(7): note: see declaration of 'Engine'
g:\personalprojects\bomberman\bomberman\inputcontrollercomponent.h(43): error C2065: 'event_': undeclared identifier
g:\personalprojects\bomberman\bomberman\inputcontrollercomponent.h(45): error C3083: 'GameEngine': the symbol to the left of a '::' must be a type
g:\personalprojects\bomberman\bomberman\inputcontrollercomponent.h(45): error C2039: 'event_': is not a member of 'Engine'
  g:\personalprojects\bomberman\bomberman\inputcontrollercomponent.h(7): note: see declaration of 'Engine'
g:\personalprojects\bomberman\bomberman\inputcontrollercomponent.h(45): error C2065: 'event_': undeclared identifier
  main.cpp
g:\personalprojects\bomberman\bomberman\inputcontrollercomponent.h(22): error C3083: 'GameEngine': the symbol to the left of a '::' must be a type
g:\personalprojects\bomberman\bomberman\inputcontrollercomponent.h(22): error C2039: 'event_': is not a member of 'Engine'
  g:\personalprojects\bomberman\bomberman\inputcontrollercomponent.h(7): note: see declaration of 'Engine'
g:\personalprojects\bomberman\bomberman\inputcontrollercomponent.h(22): error C2065: 'event_': undeclared identifier
g:\personalprojects\bomberman\bomberman\inputcontrollercomponent.h(24): error C3083: 'GameEngine': the symbol to the left of a '::' must be a type
g:\personalprojects\bomberman\bomberman\inputcontrollercomponent.h(24): error C2039: 'event_': is not a member of 'Engine'
  g:\personalprojects\bomberman\bomberman\inputcontrollercomponent.h(7): note: see declaration of 'Engine'
g:\personalprojects\bomberman\bomberman\inputcontrollercomponent.h(24): error C2065: 'event_': undeclared identifier
g:\personalprojects\bomberman\bomberman\inputcontrollercomponent.h(43): error C3083: 'GameEngine': the symbol to the left of a '::' must be a type
g:\personalprojects\bomberman\bomberman\inputcontrollercomponent.h(43): error C2039: 'event_': is not a member of 'Engine'
  g:\personalprojects\bomberman\bomberman\inputcontrollercomponent.h(7): note: see declaration of 'Engine'
g:\personalprojects\bomberman\bomberman\inputcontrollercomponent.h(43): error C2065: 'event_': undeclared identifier
g:\personalprojects\bomberman\bomberman\inputcontrollercomponent.h(45): error C3083: 'GameEngine': the symbol to the left of a '::' must be a type
g:\personalprojects\bomberman\bomberman\inputcontrollercomponent.h(45): error C2039: 'event_': is not a member of 'Engine'
  g:\personalprojects\bomberman\bomberman\inputcontrollercomponent.h(7): note: see declaration of 'Engine'
g:\personalprojects\bomberman\bomberman\inputcontrollercomponent.h(45): error C2065: 'event_': undeclared identifier
  Generating Code...
